<?xml version="1.0" encoding="UTF-8"?>
<!-- Generated by org.testng.reporters.JUnitReportReporter -->
<testsuite hostname="WIN2" failures="0" tests="6" name="bepAnToan_DucThang.MuaNgay_Test_ChuyenKhoan" time="123.943" errors="0" timestamp="2023-08-13T11:35:31 ICT" skipped="0">
  <testcase classname="bepAnToan_DucThang.MuaNgay_Test_ChuyenKhoan" name="orderProduc_Fail_BlankAll_Bank" time="24.120"/>
  <system-out/>
  <testcase classname="bepAnToan_DucThang.MuaNgay_Test_ChuyenKhoan" name="orderProduc_Fail_BlankDiaChi_Bank" time="22.297"/>
  <system-out/>
  <testcase classname="bepAnToan_DucThang.MuaNgay_Test_ChuyenKhoan" name="orderProduc_Fail_BlankHoVaTen_Bank" time="19.676"/>
  <system-out/>
  <testcase classname="bepAnToan_DucThang.MuaNgay_Test_ChuyenKhoan" name="orderProduc_Fail_BlankSDT_Bank" time="17.649"/>
  <system-out/>
  <testcase classname="bepAnToan_DucThang.MuaNgay_Test_ChuyenKhoan" name="orderProduc_Fail_SDT_Invalid_Bank" time="19.936"/>
  <system-out/>
  <testcase classname="bepAnToan_DucThang.MuaNgay_Test_ChuyenKhoan" name="orderProduc_Success_Bank" time="20.265"/>
  <system-out/>
</testsuite> <!-- bepAnToan_DucThang.MuaNgay_Test_ChuyenKhoan -->
