<?xml version="1.0" encoding="UTF-8"?>
<!-- Generated by org.testng.reporters.JUnitReportReporter -->
<testsuite hostname="WIN2" failures="0" tests="6" name="automation.testsuite.MuaNgay_Test_ChuyenKhoan" time="118.766" errors="0" timestamp="2023-08-13T11:55:38 ICT" skipped="0">
  <testcase classname="automation.testsuite.MuaNgay_Test_ChuyenKhoan" name="orderProduc_Fail_BlankAll_Bank" time="23.744"/>
  <system-out/>
  <testcase classname="automation.testsuite.MuaNgay_Test_ChuyenKhoan" name="orderProduc_Fail_SDT_Invalid_Bank" time="18.270"/>
  <system-out/>
  <testcase classname="automation.testsuite.MuaNgay_Test_ChuyenKhoan" name="orderProduc_Fail_BlankHoVaTen_Bank" time="17.599"/>
  <system-out/>
  <testcase classname="automation.testsuite.MuaNgay_Test_ChuyenKhoan" name="orderProduc_Fail_BlankDiaChi_Bank" time="20.792"/>
  <system-out/>
  <testcase classname="automation.testsuite.MuaNgay_Test_ChuyenKhoan" name="orderProduc_Fail_BlankSDT_Bank" time="17.566"/>
  <system-out/>
  <testcase classname="automation.testsuite.MuaNgay_Test_ChuyenKhoan" name="orderProduc_Success_Bank" time="20.795"/>
  <system-out/>
</testsuite> <!-- automation.testsuite.MuaNgay_Test_ChuyenKhoan -->
