<?xml version="1.0" encoding="UTF-8"?>
<!-- Generated by org.testng.reporters.JUnitReportReporter -->
<testsuite hostname="WIN2" failures="0" tests="1" name="bepAnToan_DucThang.ChuongTrinhKM_Test" time="17.784" errors="0" timestamp="2023-08-13T11:32:55 ICT" skipped="0">
  <testcase classname="bepAnToan_DucThang.ChuongTrinhKM_Test" name="SDT_ThongTinKM" time="17.784"/>
  <system-out/>
</testsuite> <!-- bepAnToan_DucThang.ChuongTrinhKM_Test -->
