<?xml version="1.0" encoding="UTF-8"?>
<!-- Generated by org.testng.reporters.JUnitReportReporter -->
<testsuite hostname="WIN2" failures="0" tests="6" name="bepAnToan_DucThang.MuaNgay_Test_TienMat" time="108.291" errors="0" timestamp="2023-08-13T11:39:28 ICT" skipped="0">
  <testcase classname="bepAnToan_DucThang.MuaNgay_Test_TienMat" name="orderProduc_Fail_BlankSDT" time="16.298"/>
  <system-out/>
  <testcase classname="bepAnToan_DucThang.MuaNgay_Test_TienMat" name="orderProduc_Fail_BlankAll" time="20.808"/>
  <system-out/>
  <testcase classname="bepAnToan_DucThang.MuaNgay_Test_TienMat" name="orderProduc_Success" time="18.223"/>
  <system-out/>
  <testcase classname="bepAnToan_DucThang.MuaNgay_Test_TienMat" name="orderProduc_Fail_BlankDiaChi" time="19.543"/>
  <system-out/>
  <testcase classname="bepAnToan_DucThang.MuaNgay_Test_TienMat" name="orderProduc_Fail_BlankHoVaTen" time="16.352"/>
  <system-out/>
  <testcase classname="bepAnToan_DucThang.MuaNgay_Test_TienMat" name="orderProduc_Fail_SDT_Invalid" time="17.067"/>
  <system-out/>
</testsuite> <!-- bepAnToan_DucThang.MuaNgay_Test_TienMat -->
